{"name": "test_validation3", "status": "failed", "statusDetails": {"message": "AssertionError: assert 'https://www.google.com/' == 'https://gooogle.com'\n  - https://gooogle.com\n  ?          -\n  + https://www.google.com/\n  ?         ++++          +", "trace": "starter = None\n\n    def test_validation3(starter):\n>       assert driver.current_url == \"https://gooogle.com\"\nE       AssertionError: assert 'https://www.google.com/' == 'https://gooogle.com'\nE         - https://gooogle.com\nE         ?          -\nE         + https://www.google.com/\nE         ?         ++++          +\n\ntest_validation.py:32: AssertionError"}, "start": 1611991574681, "stop": 1611991574706, "uuid": "32528a9a-fcd8-42a1-9e4f-48a2240096f4", "historyId": "dd4b809c08484926f2d52bff043e80f3", "testCaseId": "71e15e2549f94c9b7bc1b3d2fe1950af", "fullName": "test_validation#test_validation3", "labels": [{"name": "suite", "value": "test_validation"}, {"name": "host", "value": "PRDCLT320"}, {"name": "thread", "value": "6984-MainThread"}, {"name": "framework", "value": "pytest"}, {"name": "language", "value": "cpython3"}, {"name": "package", "value": "test_validation"}]}